INFO: 	2022-12-24 Proxy Server has been started.
INFO: 	2022-12-24 Proxy Server has been started.
INFO: 	2022-12-24 About developer clicked.
INFO: 	2022-12-24 Proxy has been closed.
INFO: 	2022-12-24 Proxy Server has been started.
INFO: 	2022-12-24 About developer clicked.
INFO: 	2022-12-24 Proxy Server has been started.
INFO: 	2022-12-24 Proxy Server has been started.
INFO: 	2022-12-24 Proxy Server has been started.
INFO: 	2022-12-24 Proxy Server has been started.
INFO: 	2022-12-24 Proxy has been closed.
INFO: 	2022-12-24 Proxy Server has been started.
INFO: 	2022-12-24 Proxy Server has been started.
INFO: 	2022-12-24 Proxy Server has been started.
INFO: 	2022-12-24 Proxy has been closed.
INFO: 	2022-12-24 Proxy Server has been started.
INFO: 	2022-12-24 Proxy has been closed.
INFO: 	2022-12-24 Proxy Server has been started.
INFO: 	2022-12-24 Proxy Server has been started.
INFO: 	2022-12-24 About developer clicked.
INFO: 	2022-12-24 Proxy Server has been started.
INFO: 	2022-12-24 Proxy has been closed.
INFO: 	2022-12-24 Proxy Server has been started.
INFO: 	2022-12-24 Add Host filter clicked.
INFO: 	2022-12-24 Add Host filter clicked.
INFO: 	2022-12-24 Add Host filter clicked.
INFO: 	2022-12-24 Add Host filter clicked.
INFO: 	2022-12-24 Add Host filter clicked.
INFO: 	2022-12-24 Add Host filter clicked.
INFO: 	2022-12-24 Add Host filter clicked.
INFO: 	2022-12-24 Add Host filter clicked.
INFO: 	2022-12-24 Add Host filter clicked.
INFO: 	2022-12-24 Add Host filter clicked.
INFO: 	2022-12-24 Add Host filter clicked.
INFO: 	2022-12-24 Add Host filter clicked.
INFO: 	2022-12-24 Display filtered host clicked
INFO: 	2022-12-24 Display filtered host clicked
INFO: 	2022-12-24 Display filtered host clicked
INFO: 	2022-12-24 Display filtered host clicked
INFO: 	2022-12-24 Add Host filter clicked.
INFO: 	2022-12-24 Display filtered host clicked
INFO: 	2022-12-24 Add Host filter clicked.
INFO: 	2022-12-24 Display filtered host clicked
INFO: 	2022-12-24 Display filtered host clicked
INFO: 	2022-12-24 About developer clicked.
INFO: 	2022-12-24 Display filtered host clicked
INFO: 	2022-12-24 Report has been clicked.
INFO: 	2022-12-24 Report has been clicked.
INFO: 	2022-12-24 About developer clicked.
INFO: 	2022-12-24 Report has been clicked.
INFO: 	2022-12-24 Report has been clicked.
INFO: 	2022-12-24 Display filtered host clicked
